{"time" : "20:56:13.231", "message" : {"warning" : "The application is not healthy"}
{"time" : "20:56:13.253", "message" : {"warning" : "The application has 2 deadlocked threads."}
{"time" : "20:56:13.254", "message" : {"warning" : "The url null is using 9223372013568.00 ms to execute."}
{"time" : "20:56:13.271", "message" : {"warning" : "Some objects were not finalized by the garbage collector"}
{"time" : "20:56:13.273", "message" : {"warning" : "The application is using 100.00 percent of the total heap memory"}
{"time" : "21:08:20.008", "message" : {"warning" : "The application is not healthy"}
{"time" : "21:08:20.031", "message" : {"warning" : "The application has 2 deadlocked threads."}
{"time" : "21:08:20.032", "message" : {"warning" : "The url null is using 9223372013568.00 ms to execute."}
{"time" : "21:08:20.058", "message" : {"warning" : "Some objects were not finalized by the garbage collector"}
{"time" : "21:08:20.060", "message" : {"warning" : "The application is using 100.00 percent of the total heap memory"}
{"time" : "15:31:37.261", "message" : {"warning" : "The application is not healthy"}
{"time" : "15:31:37.281", "message" : {"warning" : "The application has 2 deadlocked threads."}
{"time" : "15:31:37.284", "message" : {"warning" : "The url null is using 9223372013568.00 ms to execute."}
{"time" : "15:31:37.303", "message" : {"warning" : "Some objects were not finalized by the garbage collector"}
{"time" : "15:31:37.313", "message" : {"warning" : "The application is using 100.00 percent of the total heap memory"}
{"time" : "15:34:11.222", "message" : {"warning" : "The application is not healthy"}
{"time" : "15:34:11.238", "message" : {"warning" : "The application has 2 deadlocked threads."}
{"time" : "15:34:11.239", "message" : {"warning" : "The url null is using 9223372013568.00 ms to execute."}
{"time" : "15:34:11.252", "message" : {"warning" : "Some objects were not finalized by the garbage collector"}
{"time" : "15:34:11.253", "message" : {"warning" : "The application is using 100.00 percent of the total heap memory"}
{"time" : "17:11:55.310", "message" : {"warning" : "The application is not healthy"}
{"time" : "17:11:55.329", "message" : {"warning" : "The application has 2 deadlocked threads."}
{"time" : "17:11:55.330", "message" : {"warning" : "The url null is using 9223372013568.00 ms to execute."}
{"time" : "17:11:55.344", "message" : {"warning" : "Some objects were not finalized by the garbage collector"}
{"time" : "17:11:55.346", "message" : {"warning" : "The application is using 100.00 percent of the total heap memory"}
{"time" : "17:16:19.345", "message" : {"warning" : "The application is not healthy"}
{"time" : "17:16:19.369", "message" : {"warning" : "The application has 2 deadlocked threads."}
{"time" : "17:16:19.371", "message" : {"warning" : "The url null is using 9223372013568.00 ms to execute."}
{"time" : "17:16:19.391", "message" : {"warning" : "Some objects were not finalized by the garbage collector"}
{"time" : "17:16:19.394", "message" : {"warning" : "The application is using 100.00 percent of the total heap memory"}
{"time" : "17:19:15.838", "message" : {"warning" : "The application is not healthy"}
{"time" : "17:19:15.857", "message" : {"warning" : "The application has 2 deadlocked threads."}
{"time" : "17:19:15.859", "message" : {"warning" : "The url null is using 9223372013568.00 ms to execute."}
{"time" : "17:19:15.876", "message" : {"warning" : "Some objects were not finalized by the garbage collector"}
{"time" : "17:19:15.878", "message" : {"warning" : "The application is using 100.00 percent of the total heap memory"}
{"time" : "17:20:54.700", "message" : {"warning" : "The application is not healthy"}
{"time" : "17:20:54.762", "message" : {"warning" : "The application has 2 deadlocked threads."}
{"time" : "17:20:54.769", "message" : {"warning" : "The url null is using 9223372013568.00 ms to execute."}
{"time" : "17:20:54.794", "message" : {"warning" : "Some objects were not finalized by the garbage collector"}
{"time" : "17:20:54.797", "message" : {"warning" : "The application is using 100.00 percent of the total heap memory"}
{"time" : "17:27:07.836", "message" : {"warning" : "The application is not healthy"}
{"time" : "17:27:07.854", "message" : {"warning" : "The application has 2 deadlocked threads."}
{"time" : "17:27:07.856", "message" : {"warning" : "The url null is using ++++++++++++8.00 ms to execute."}
{"time" : "17:27:07.873", "message" : {"warning" : "Some objects were not finalized by the garbage collector"}
{"time" : "17:27:07.874", "message" : {"warning" : "The application is using +++.00 percent of the total heap memory"}
{"time" : "17:31:23.293", "message" : {"warning" : "The application is not healthy"}
{"time" : "17:31:23.317", "message" : {"warning" : "The application has 2 deadlocked threads."}
{"time" : "17:31:23.319", "message" : {"warning" : "The url null is using 9223372013568.00 ms to execute."}
{"time" : "17:31:23.335", "message" : {"warning" : "Some objects were not finalized by the garbage collector"}
{"time" : "17:31:23.338", "message" : {"warning" : "The application is using 100.00 percent of the total heap memory"}
{"time" : "17:36:28.245", "message" : {"warning" : "The application is not healthy"}
{"time" : "17:36:28.265", "message" : {"warning" : "The application has 2 deadlocked threads."}
{"time" : "17:36:28.267", "message" : {"warning" : "The url null is using 9223372013568.00 ms to execute."}
{"time" : "17:36:28.283", "message" : {"warning" : "Some objects were not finalized by the garbage collector"}
{"time" : "17:36:28.285", "message" : {"warning" : "The application is using 100.00 percent of the total heap memory"}
{"time" : "17:53:40.641", "message" : {"warning" : "The application is not healthy"}
{"time" : "17:53:40.664", "message" : {"warning" : "The application has 2 deadlocked threads."}
{"time" : "17:53:40.665", "message" : {"warning" : "The url null is using 9223372013568.00 ms to execute."}
{"time" : "17:53:40.683", "message" : {"warning" : "Some objects were not finalized by the garbage collector"}
{"time" : "17:53:40.685", "message" : {"warning" : "The application is using 100.00 percent of the total heap memory"}
{"time" : "18:00:01.797", "message" : {"warning" : "The application is not healthy"}
{"time" : "18:00:01.817", "message" : {"warning" : "The application has 2 deadlocked threads."}
{"time" : "18:00:01.819", "message" : {"warning" : "The url null is using 9223372013568.00 ms to execute."}
{"time" : "18:00:01.836", "message" : {"warning" : "Some objects were not finalized by the garbage collector"}
{"time" : "18:00:01.838", "message" : {"warning" : "The application is using 100.00 percent of the total heap memory"}
